2026-01-31 19:15:48,995 - __main__ - CRITICAL - Fatal error: 'FacialRecognitionSystem' object has no attribute 'quick_recognize'
Traceback (most recent call last):
  File "c:\Users\Chains\Desktop\AI assistant\main.py", line 326, in <module>
    main()
  File "c:\Users\Chains\Desktop\AI assistant\main.py", line 134, in main
    initial_recognition = face_system.quick_recognize()
                          ^^^^^^^^^^^^^^^^^^^^^^^^^^^
AttributeError: 'FacialRecognitionSystem' object has no attribute 'quick_recognize'
2026-01-31 19:17:34,429 - __main__ - CRITICAL - Fatal error: Unsupported image type, must be 8bit gray or RGB image.
Traceback (most recent call last):
  File "c:\Users\Chains\Desktop\AI assistant\main.py", line 326, in <module>
    main()
  File "c:\Users\Chains\Desktop\AI assistant\main.py", line 134, in main
    initial_recognition = face_system.quick_recognize()
                          ^^^^^^^^^^^^^^^^^^^^^^^^^^^^^
  File "c:\Users\Chains\Desktop\AI assistant\ai\facial_recognition.py", line 131, in quick_recognize
    name, dist = self.recognize_face_raw(timeout=2)
                 ^^^^^^^^^^^^^^^^^^^^^^^^^^^^^^^^^^
  File "c:\Users\Chains\Desktop\AI assistant\ai\facial_recognition.py", line 114, in recognize_face_raw
    boxes = face_recognition.face_locations(rgb)
            ^^^^^^^^^^^^^^^^^^^^^^^^^^^^^^^^^^^^
  File "C:\Users\Chains\AppData\Local\Programs\Python\Python311\Lib\site-packages\face_recognition\api.py", line 121, in face_locations
    return [_trim_css_to_bounds(_rect_to_css(face), img.shape) for face in _raw_face_locations(img, number_of_times_to_upsample, model)]
                                                                           ^^^^^^^^^^^^^^^^^^^^^^^^^^^^^^^^^^^^^^^^^^^^^^^^^^^^^^^^^^^^
  File "C:\Users\Chains\AppData\Local\Programs\Python\Python311\Lib\site-packages\face_recognition\api.py", line 105, in _raw_face_locations
    return face_detector(img, number_of_times_to_upsample)
           ^^^^^^^^^^^^^^^^^^^^^^^^^^^^^^^^^^^^^^^^^^^^^^^
RuntimeError: Unsupported image type, must be 8bit gray or RGB image.
2026-01-31 19:25:47,256 - __main__ - CRITICAL - Fatal error: Unsupported image type, must be 8bit gray or RGB image.
Traceback (most recent call last):
  File "c:\Users\Chains\Desktop\AI assistant\main.py", line 326, in <module>
    main()
  File "c:\Users\Chains\Desktop\AI assistant\main.py", line 134, in main
    initial_recognition = face_system.quick_recognize()
                          ^^^^^^^^^^^^^^^^^^^^^^^^^^^^^
  File "c:\Users\Chains\Desktop\AI assistant\ai\facial_recognition.py", line 177, in quick_recognize
    name, dist = self.recognize_face_raw(timeout=2)
                 ^^^^^^^^^^^^^^^^^^^^^^^^^^^^^^^^^^
  File "c:\Users\Chains\Desktop\AI assistant\ai\facial_recognition.py", line 158, in recognize_face_raw
    boxes = face_recognition.face_locations(rgb_small)
            ^^^^^^^^^^^^^^^^^^^^^^^^^^^^^^^^^^^^^^^^^^
  File "C:\Users\Chains\AppData\Local\Programs\Python\Python311\Lib\site-packages\face_recognition\api.py", line 121, in face_locations
    return [_trim_css_to_bounds(_rect_to_css(face), img.shape) for face in _raw_face_locations(img, number_of_times_to_upsample, model)]
                                                                           ^^^^^^^^^^^^^^^^^^^^^^^^^^^^^^^^^^^^^^^^^^^^^^^^^^^^^^^^^^^^
  File "C:\Users\Chains\AppData\Local\Programs\Python\Python311\Lib\site-packages\face_recognition\api.py", line 105, in _raw_face_locations
    return face_detector(img, number_of_times_to_upsample)
           ^^^^^^^^^^^^^^^^^^^^^^^^^^^^^^^^^^^^^^^^^^^^^^^
RuntimeError: Unsupported image type, must be 8bit gray or RGB image.
2026-02-18 15:20:49,374 - __main__ - CRITICAL - Fatal error: 'FacialRecognitionSystem' object has no attribute 'quick_recognize'
Traceback (most recent call last):
  File "c:\Users\Chains\Desktop\AI assistant\main.py", line 344, in <module>
    main()
  File "c:\Users\Chains\Desktop\AI assistant\main.py", line 136, in main
    initial_recognition = face_system.quick_recognize()
                          ^^^^^^^^^^^^^^^^^^^^^^^^^^^
AttributeError: 'FacialRecognitionSystem' object has no attribute 'quick_recognize'
2026-02-18 15:27:20,156 - __main__ - CRITICAL - Fatal error: Unsupported image type, must be 8bit gray or RGB image.
Traceback (most recent call last):
  File "c:\Users\Chains\Desktop\AI assistant\main.py", line 344, in <module>
    main()
  File "c:\Users\Chains\Desktop\AI assistant\main.py", line 136, in main
    initial_recognition = face_system.quick_recognize()
                          ^^^^^^^^^^^^^^^^^^^^^^^^^^^^^
  File "c:\Users\Chains\Desktop\AI assistant\ai\facial_recognition.py", line 179, in quick_recognize
    name, confidence = self.recognize(timeout)
                       ^^^^^^^^^^^^^^^^^^^^^^^
  File "c:\Users\Chains\Desktop\AI assistant\ai\facial_recognition.py", line 158, in recognize
    boxes = face_recognition.face_locations(rgb)
            ^^^^^^^^^^^^^^^^^^^^^^^^^^^^^^^^^^^^
  File "C:\Users\Chains\AppData\Local\Programs\Python\Python311\Lib\site-packages\face_recognition\api.py", line 121, in face_locations
    return [_trim_css_to_bounds(_rect_to_css(face), img.shape) for face in _raw_face_locations(img, number_of_times_to_upsample, model)]
                                                                           ^^^^^^^^^^^^^^^^^^^^^^^^^^^^^^^^^^^^^^^^^^^^^^^^^^^^^^^^^^^^
  File "C:\Users\Chains\AppData\Local\Programs\Python\Python311\Lib\site-packages\face_recognition\api.py", line 105, in _raw_face_locations
    return face_detector(img, number_of_times_to_upsample)
           ^^^^^^^^^^^^^^^^^^^^^^^^^^^^^^^^^^^^^^^^^^^^^^^
RuntimeError: Unsupported image type, must be 8bit gray or RGB image.
2026-02-18 15:33:21,272 - __main__ - CRITICAL - Fatal error: Unsupported image type, must be 8bit gray or RGB image.
Traceback (most recent call last):
  File "c:\Users\Chains\Desktop\AI assistant\main.py", line 344, in <module>
    main()
  File "c:\Users\Chains\Desktop\AI assistant\main.py", line 136, in main
    initial_recognition = face_system.quick_recognize()
                          ^^^^^^^^^^^^^^^^^^^^^^^^^^^^^
  File "c:\Users\Chains\Desktop\AI assistant\ai\facial_recognition.py", line 179, in quick_recognize
    name, confidence = self.recognize(timeout)
                       ^^^^^^^^^^^^^^^^^^^^^^^
  File "c:\Users\Chains\Desktop\AI assistant\ai\facial_recognition.py", line 158, in recognize
    boxes = face_recognition.face_locations(rgb)
            ^^^^^^^^^^^^^^^^^^^^^^^^^^^^^^^^^^^^
  File "C:\Users\Chains\AppData\Local\Programs\Python\Python311\Lib\site-packages\face_recognition\api.py", line 121, in face_locations
    return [_trim_css_to_bounds(_rect_to_css(face), img.shape) for face in _raw_face_locations(img, number_of_times_to_upsample, model)]
                                                                           ^^^^^^^^^^^^^^^^^^^^^^^^^^^^^^^^^^^^^^^^^^^^^^^^^^^^^^^^^^^^
  File "C:\Users\Chains\AppData\Local\Programs\Python\Python311\Lib\site-packages\face_recognition\api.py", line 105, in _raw_face_locations
    return face_detector(img, number_of_times_to_upsample)
           ^^^^^^^^^^^^^^^^^^^^^^^^^^^^^^^^^^^^^^^^^^^^^^^
RuntimeError: Unsupported image type, must be 8bit gray or RGB image.
2026-02-18 15:34:11,809 - __main__ - CRITICAL - Fatal error: Unsupported image type, must be 8bit gray or RGB image.
Traceback (most recent call last):
  File "c:\Users\Chains\Desktop\AI assistant\main.py", line 344, in <module>
    main()
  File "c:\Users\Chains\Desktop\AI assistant\main.py", line 136, in main
    initial_recognition = face_system.quick_recognize()
                          ^^^^^^^^^^^^^^^^^^^^^^^^^^^^^
  File "c:\Users\Chains\Desktop\AI assistant\ai\facial_recognition.py", line 179, in quick_recognize
    name, confidence = self.recognize(timeout)
                       ^^^^^^^^^^^^^^^^^^^^^^^
  File "c:\Users\Chains\Desktop\AI assistant\ai\facial_recognition.py", line 158, in recognize
    boxes = face_recognition.face_locations(rgb)
            ^^^^^^^^^^^^^^^^^^^^^^^^^^^^^^^^^^^^
  File "C:\Users\Chains\AppData\Local\Programs\Python\Python311\Lib\site-packages\face_recognition\api.py", line 121, in face_locations
    return [_trim_css_to_bounds(_rect_to_css(face), img.shape) for face in _raw_face_locations(img, number_of_times_to_upsample, model)]
                                                                           ^^^^^^^^^^^^^^^^^^^^^^^^^^^^^^^^^^^^^^^^^^^^^^^^^^^^^^^^^^^^
  File "C:\Users\Chains\AppData\Local\Programs\Python\Python311\Lib\site-packages\face_recognition\api.py", line 105, in _raw_face_locations
    return face_detector(img, number_of_times_to_upsample)
           ^^^^^^^^^^^^^^^^^^^^^^^^^^^^^^^^^^^^^^^^^^^^^^^
RuntimeError: Unsupported image type, must be 8bit gray or RGB image.
2026-02-18 15:52:18,117 - __main__ - ERROR - Main loop error: get_response() got an unexpected keyword argument 'vision_system'
Traceback (most recent call last):
  File "c:\Users\Chains\Desktop\AI assistant\main.py", line 170, in main
    resp, meta = get_response(
                 ^^^^^^^^^^^^^
TypeError: get_response() got an unexpected keyword argument 'vision_system'
2026-02-18 16:07:32,031 - __main__ - ERROR - Main loop error: get_response() got an unexpected keyword argument 'vision_system'
Traceback (most recent call last):
  File "c:\Users\Chains\Desktop\AI assistant\main.py", line 170, in main
    resp, meta = get_response(
                 ^^^^^^^^^^^^^
TypeError: get_response() got an unexpected keyword argument 'vision_system'
2026-02-18 16:08:22,959 - __main__ - ERROR - Main loop error: get_response() got an unexpected keyword argument 'vision_system'
Traceback (most recent call last):
  File "c:\Users\Chains\Desktop\AI assistant\main.py", line 170, in main
    resp, meta = get_response(
                 ^^^^^^^^^^^^^
TypeError: get_response() got an unexpected keyword argument 'vision_system'
